2023-11-02 10:54 before_fed Round:   0 | Epochs:   0 | Domain: a | loss: 0.5313 | acc: 86.54% | auc: 98.34%
2023-11-02 10:55 before_fed Round:   0 | Epochs:   0 | Domain: c | loss: 0.5278 | acc: 85.65% | auc: 97.51%
2023-11-02 10:57 before_fed Round:   0 | Epochs:   0 | Domain: s | loss: 0.4065 | acc: 87.94% | auc: 98.73%
2023-11-02 10:59 after_fed Round:   0 | Epochs:   0 | Domain: a | loss: 2.0924 | acc: 24.04% | auc: 65.29%
2023-11-02 10:59 after_fed Round:   0 | Epochs:   0 | Domain: c | loss: 1.8653 | acc: 27.85% | auc: 79.55%
2023-11-02 10:59 after_fed Round:   0 | Epochs:   0 | Domain: s | loss: 0.7339 | acc: 79.15% | auc: 97.68%
2023-11-02 10:59 Model saved! Best Val Acc: 51.13%
2023-11-02 10:59 test_domain Round:   0 | Epochs:   0 | Domain: p | loss: 1.5599 | acc: 36.35% | auc: 84.87%
2023-11-02 11:01 before_fed Round:   1 | Epochs:   5 | Domain: a | loss: 0.3958 | acc: 87.02% | auc: 98.75%
2023-11-02 11:02 before_fed Round:   1 | Epochs:   5 | Domain: c | loss: 0.3609 | acc: 91.56% | auc: 98.66%
2023-11-02 11:04 before_fed Round:   1 | Epochs:   5 | Domain: s | loss: 0.3082 | acc: 90.95% | auc: 99.18%
2023-11-02 11:06 after_fed Round:   1 | Epochs:   5 | Domain: a | loss: 0.9204 | acc: 71.15% | auc: 94.71%
2023-11-02 11:06 after_fed Round:   1 | Epochs:   5 | Domain: c | loss: 0.7777 | acc: 70.46% | auc: 96.56%
2023-11-02 11:06 after_fed Round:   1 | Epochs:   5 | Domain: s | loss: 0.5284 | acc: 85.18% | auc: 98.17%
2023-11-02 11:06 Model saved! Best Val Acc: 77.58%
2023-11-02 11:07 test_domain Round:   1 | Epochs:   5 | Domain: p | loss: 0.5124 | acc: 89.34% | auc: 98.66%
2023-11-02 11:08 before_fed Round:   2 | Epochs:  10 | Domain: a | loss: 0.3544 | acc: 89.90% | auc: 98.94%
2023-11-02 11:09 before_fed Round:   2 | Epochs:  10 | Domain: c | loss: 0.2998 | acc: 91.98% | auc: 99.00%
2023-11-02 11:11 before_fed Round:   2 | Epochs:  10 | Domain: s | loss: 0.2516 | acc: 91.96% | auc: 99.44%
2023-11-02 11:13 after_fed Round:   2 | Epochs:  10 | Domain: a | loss: 0.7911 | acc: 72.60% | auc: 96.15%
2023-11-02 11:13 after_fed Round:   2 | Epochs:  10 | Domain: c | loss: 0.6501 | acc: 75.11% | auc: 97.27%
2023-11-02 11:14 after_fed Round:   2 | Epochs:  10 | Domain: s | loss: 0.3915 | acc: 88.44% | auc: 98.83%
2023-11-02 11:14 Model saved! Best Val Acc: 80.79%
2023-11-02 11:14 test_domain Round:   2 | Epochs:  10 | Domain: p | loss: 0.3977 | acc: 90.00% | auc: 99.02%
2023-11-02 11:15 before_fed Round:   3 | Epochs:  15 | Domain: a | loss: 0.3291 | acc: 88.94% | auc: 99.04%
2023-11-02 11:17 before_fed Round:   3 | Epochs:  15 | Domain: c | loss: 0.2793 | acc: 91.98% | auc: 99.09%
2023-11-02 11:18 before_fed Round:   3 | Epochs:  15 | Domain: s | loss: 0.2326 | acc: 92.46% | auc: 99.44%
2023-11-02 11:20 after_fed Round:   3 | Epochs:  15 | Domain: a | loss: 0.7202 | acc: 75.00% | auc: 96.82%
2023-11-02 11:21 after_fed Round:   3 | Epochs:  15 | Domain: c | loss: 0.6251 | acc: 75.53% | auc: 97.63%
2023-11-02 11:21 after_fed Round:   3 | Epochs:  15 | Domain: s | loss: 0.3260 | acc: 89.45% | auc: 99.11%
2023-11-02 11:21 Model saved! Best Val Acc: 81.97%
2023-11-02 11:21 test_domain Round:   3 | Epochs:  15 | Domain: p | loss: 0.3433 | acc: 90.54% | auc: 99.19%
2023-11-02 11:22 before_fed Round:   4 | Epochs:  20 | Domain: a | loss: 0.3025 | acc: 91.35% | auc: 99.17%
2023-11-02 11:24 before_fed Round:   4 | Epochs:  20 | Domain: c | loss: 0.2576 | acc: 92.41% | auc: 99.20%
2023-11-02 11:26 before_fed Round:   4 | Epochs:  20 | Domain: s | loss: 0.2170 | acc: 92.46% | auc: 99.51%
2023-11-02 11:28 after_fed Round:   4 | Epochs:  20 | Domain: a | loss: 0.6543 | acc: 78.85% | auc: 97.32%
2023-11-02 11:28 after_fed Round:   4 | Epochs:  20 | Domain: c | loss: 0.5905 | acc: 79.32% | auc: 97.97%
2023-11-02 11:28 after_fed Round:   4 | Epochs:  20 | Domain: s | loss: 0.2811 | acc: 89.95% | auc: 99.30%
2023-11-02 11:28 Model saved! Best Val Acc: 84.22%
2023-11-02 11:28 test_domain Round:   4 | Epochs:  20 | Domain: p | loss: 0.2967 | acc: 91.86% | auc: 99.41%
2023-11-02 11:30 before_fed Round:   5 | Epochs:  25 | Domain: a | loss: 0.2887 | acc: 92.31% | auc: 99.24%
2023-11-02 11:31 before_fed Round:   5 | Epochs:  25 | Domain: c | loss: 0.2256 | acc: 92.41% | auc: 99.37%
2023-11-02 11:33 before_fed Round:   5 | Epochs:  25 | Domain: s | loss: 0.2017 | acc: 92.71% | auc: 99.63%
2023-11-02 11:35 after_fed Round:   5 | Epochs:  25 | Domain: a | loss: 0.6135 | acc: 79.81% | auc: 97.53%
2023-11-02 11:35 after_fed Round:   5 | Epochs:  25 | Domain: c | loss: 0.5404 | acc: 81.86% | auc: 98.27%
2023-11-02 11:35 after_fed Round:   5 | Epochs:  25 | Domain: s | loss: 0.2586 | acc: 89.95% | auc: 99.40%
2023-11-02 11:35 Model saved! Best Val Acc: 85.17%
2023-11-02 11:35 test_domain Round:   5 | Epochs:  25 | Domain: p | loss: 0.2904 | acc: 91.26% | auc: 99.40%
2023-11-02 11:37 before_fed Round:   6 | Epochs:  30 | Domain: a | loss: 0.2810 | acc: 91.35% | auc: 99.27%
2023-11-02 11:38 before_fed Round:   6 | Epochs:  30 | Domain: c | loss: 0.2201 | acc: 92.41% | auc: 99.42%
2023-11-02 11:40 before_fed Round:   6 | Epochs:  30 | Domain: s | loss: 0.1901 | acc: 93.22% | auc: 99.65%
2023-11-02 11:42 after_fed Round:   6 | Epochs:  30 | Domain: a | loss: 0.5968 | acc: 78.85% | auc: 97.64%
2023-11-02 11:42 after_fed Round:   6 | Epochs:  30 | Domain: c | loss: 0.5131 | acc: 81.86% | auc: 98.50%
2023-11-02 11:42 after_fed Round:   6 | Epochs:  30 | Domain: s | loss: 0.2377 | acc: 90.70% | auc: 99.48%
2023-11-02 11:42 Model saved! Best Val Acc: 85.29%
2023-11-02 11:42 test_domain Round:   6 | Epochs:  30 | Domain: p | loss: 0.2765 | acc: 91.50% | auc: 99.43%
2023-11-02 11:44 before_fed Round:   7 | Epochs:  35 | Domain: a | loss: 0.2746 | acc: 91.35% | auc: 99.33%
2023-11-02 11:45 before_fed Round:   7 | Epochs:  35 | Domain: c | loss: 0.2187 | acc: 92.41% | auc: 99.41%
2023-11-02 11:47 before_fed Round:   7 | Epochs:  35 | Domain: s | loss: 0.1869 | acc: 93.47% | auc: 99.69%
2023-11-02 11:49 after_fed Round:   7 | Epochs:  35 | Domain: a | loss: 0.5872 | acc: 80.29% | auc: 97.81%
2023-11-02 11:49 after_fed Round:   7 | Epochs:  35 | Domain: c | loss: 0.4807 | acc: 83.12% | auc: 98.65%
2023-11-02 11:49 after_fed Round:   7 | Epochs:  35 | Domain: s | loss: 0.2257 | acc: 91.71% | auc: 99.52%
2023-11-02 11:49 Model saved! Best Val Acc: 86.48%
2023-11-02 11:49 test_domain Round:   7 | Epochs:  35 | Domain: p | loss: 0.2791 | acc: 91.50% | auc: 99.41%
2023-11-02 11:51 before_fed Round:   8 | Epochs:  40 | Domain: a | loss: 0.2746 | acc: 90.87% | auc: 99.32%
2023-11-02 11:52 before_fed Round:   8 | Epochs:  40 | Domain: c | loss: 0.2049 | acc: 93.67% | auc: 99.47%
2023-11-02 11:54 before_fed Round:   8 | Epochs:  40 | Domain: s | loss: 0.1806 | acc: 92.71% | auc: 99.68%
2023-11-02 11:56 after_fed Round:   8 | Epochs:  40 | Domain: a | loss: 0.5646 | acc: 82.21% | auc: 97.93%
2023-11-02 11:56 after_fed Round:   8 | Epochs:  40 | Domain: c | loss: 0.4825 | acc: 85.23% | auc: 98.70%
2023-11-02 11:56 after_fed Round:   8 | Epochs:  40 | Domain: s | loss: 0.2178 | acc: 92.46% | auc: 99.54%
2023-11-02 11:56 Model saved! Best Val Acc: 87.90%
2023-11-02 11:56 test_domain Round:   8 | Epochs:  40 | Domain: p | loss: 0.2596 | acc: 91.92% | auc: 99.49%
2023-11-02 11:58 before_fed Round:   9 | Epochs:  45 | Domain: a | loss: 0.2565 | acc: 90.87% | auc: 99.41%
2023-11-02 11:59 before_fed Round:   9 | Epochs:  45 | Domain: c | loss: 0.2072 | acc: 93.67% | auc: 99.45%
2023-11-02 12:01 before_fed Round:   9 | Epochs:  45 | Domain: s | loss: 0.1848 | acc: 93.47% | auc: 99.68%
2023-11-02 12:03 after_fed Round:   9 | Epochs:  45 | Domain: a | loss: 0.5566 | acc: 82.69% | auc: 97.98%
2023-11-02 12:03 after_fed Round:   9 | Epochs:  45 | Domain: c | loss: 0.4311 | acc: 85.65% | auc: 98.85%
2023-11-02 12:03 after_fed Round:   9 | Epochs:  45 | Domain: s | loss: 0.2209 | acc: 91.71% | auc: 99.54%
2023-11-02 12:04 test_domain Round:   9 | Epochs:  45 | Domain: p | loss: 0.2630 | acc: 91.56% | auc: 99.47%
2023-11-02 12:05 before_fed Round:  10 | Epochs:  50 | Domain: a | loss: 0.2609 | acc: 91.83% | auc: 99.36%
2023-11-02 12:06 before_fed Round:  10 | Epochs:  50 | Domain: c | loss: 0.2102 | acc: 93.25% | auc: 99.46%
2023-11-02 12:08 before_fed Round:  10 | Epochs:  50 | Domain: s | loss: 0.1825 | acc: 93.97% | auc: 99.70%
2023-11-02 12:10 after_fed Round:  10 | Epochs:  50 | Domain: a | loss: 0.5440 | acc: 83.17% | auc: 98.07%
2023-11-02 12:10 after_fed Round:  10 | Epochs:  50 | Domain: c | loss: 0.4641 | acc: 85.23% | auc: 98.85%
2023-11-02 12:11 after_fed Round:  10 | Epochs:  50 | Domain: s | loss: 0.2105 | acc: 92.46% | auc: 99.55%
2023-11-02 12:11 Model saved! Best Val Acc: 88.14%
2023-11-02 12:11 test_domain Round:  10 | Epochs:  50 | Domain: p | loss: 0.2541 | acc: 91.98% | auc: 99.50%
2023-11-02 12:12 before_fed Round:  11 | Epochs:  55 | Domain: a | loss: 0.2397 | acc: 91.83% | auc: 99.48%
2023-11-02 12:14 before_fed Round:  11 | Epochs:  55 | Domain: c | loss: 0.1916 | acc: 93.67% | auc: 99.53%
2023-11-02 12:16 before_fed Round:  11 | Epochs:  55 | Domain: s | loss: 0.1799 | acc: 92.96% | auc: 99.70%
2023-11-02 12:18 after_fed Round:  11 | Epochs:  55 | Domain: a | loss: 0.5322 | acc: 84.62% | auc: 98.20%
2023-11-02 12:18 after_fed Round:  11 | Epochs:  55 | Domain: c | loss: 0.4387 | acc: 86.50% | auc: 98.93%
2023-11-02 12:18 after_fed Round:  11 | Epochs:  55 | Domain: s | loss: 0.2075 | acc: 92.21% | auc: 99.56%
2023-11-02 12:18 Model saved! Best Val Acc: 88.73%
2023-11-02 12:18 test_domain Round:  11 | Epochs:  55 | Domain: p | loss: 0.2400 | acc: 92.28% | auc: 99.53%
2023-11-02 12:20 before_fed Round:  12 | Epochs:  60 | Domain: a | loss: 0.2338 | acc: 92.31% | auc: 99.49%
2023-11-02 12:21 before_fed Round:  12 | Epochs:  60 | Domain: c | loss: 0.2010 | acc: 93.67% | auc: 99.51%
2023-11-02 12:23 before_fed Round:  12 | Epochs:  60 | Domain: s | loss: 0.1718 | acc: 93.47% | auc: 99.73%
2023-11-02 12:25 after_fed Round:  12 | Epochs:  60 | Domain: a | loss: 0.5306 | acc: 80.29% | auc: 98.16%
2023-11-02 12:25 after_fed Round:  12 | Epochs:  60 | Domain: c | loss: 0.4649 | acc: 85.23% | auc: 98.88%
2023-11-02 12:25 after_fed Round:  12 | Epochs:  60 | Domain: s | loss: 0.2089 | acc: 90.95% | auc: 99.57%
2023-11-02 12:25 test_domain Round:  12 | Epochs:  60 | Domain: p | loss: 0.2363 | acc: 92.22% | auc: 99.53%
2023-11-02 12:27 before_fed Round:  13 | Epochs:  65 | Domain: a | loss: 0.2484 | acc: 92.31% | auc: 99.42%
2023-11-02 12:28 before_fed Round:  13 | Epochs:  65 | Domain: c | loss: 0.2071 | acc: 93.67% | auc: 99.49%
2023-11-02 12:30 before_fed Round:  13 | Epochs:  65 | Domain: s | loss: 0.1746 | acc: 93.97% | auc: 99.75%
2023-11-02 12:32 after_fed Round:  13 | Epochs:  65 | Domain: a | loss: 0.5307 | acc: 83.65% | auc: 98.26%
2023-11-02 12:32 after_fed Round:  13 | Epochs:  65 | Domain: c | loss: 0.4267 | acc: 86.50% | auc: 98.96%
2023-11-02 12:32 after_fed Round:  13 | Epochs:  65 | Domain: s | loss: 0.2025 | acc: 90.95% | auc: 99.59%
2023-11-02 12:33 test_domain Round:  13 | Epochs:  65 | Domain: p | loss: 0.2465 | acc: 91.92% | auc: 99.52%
2023-11-02 12:34 before_fed Round:  14 | Epochs:  70 | Domain: a | loss: 0.2458 | acc: 92.79% | auc: 99.42%
2023-11-02 12:35 before_fed Round:  14 | Epochs:  70 | Domain: c | loss: 0.1952 | acc: 94.09% | auc: 99.54%
2023-11-02 12:37 before_fed Round:  14 | Epochs:  70 | Domain: s | loss: 0.1725 | acc: 92.96% | auc: 99.73%
2023-11-02 12:39 after_fed Round:  14 | Epochs:  70 | Domain: a | loss: 0.5116 | acc: 84.13% | auc: 98.33%
2023-11-02 12:39 after_fed Round:  14 | Epochs:  70 | Domain: c | loss: 0.4268 | acc: 86.50% | auc: 99.02%
2023-11-02 12:40 after_fed Round:  14 | Epochs:  70 | Domain: s | loss: 0.2106 | acc: 90.95% | auc: 99.57%
2023-11-02 12:40 test_domain Round:  14 | Epochs:  70 | Domain: p | loss: 0.2285 | acc: 92.51% | auc: 99.57%
2023-11-02 12:41 before_fed Round:  15 | Epochs:  75 | Domain: a | loss: 0.2461 | acc: 92.79% | auc: 99.46%
2023-11-02 12:43 before_fed Round:  15 | Epochs:  75 | Domain: c | loss: 0.2011 | acc: 94.09% | auc: 99.51%
2023-11-02 12:45 before_fed Round:  15 | Epochs:  75 | Domain: s | loss: 0.1703 | acc: 93.72% | auc: 99.75%
2023-11-02 12:46 after_fed Round:  15 | Epochs:  75 | Domain: a | loss: 0.5064 | acc: 84.62% | auc: 98.30%
2023-11-02 12:47 after_fed Round:  15 | Epochs:  75 | Domain: c | loss: 0.4472 | acc: 86.50% | auc: 99.00%
2023-11-02 12:47 after_fed Round:  15 | Epochs:  75 | Domain: s | loss: 0.2040 | acc: 90.95% | auc: 99.58%
2023-11-02 12:47 test_domain Round:  15 | Epochs:  75 | Domain: p | loss: 0.2309 | acc: 92.28% | auc: 99.56%
2023-11-02 12:48 before_fed Round:  16 | Epochs:  80 | Domain: a | loss: 0.2326 | acc: 92.79% | auc: 99.52%
2023-11-02 12:50 before_fed Round:  16 | Epochs:  80 | Domain: c | loss: 0.1892 | acc: 93.67% | auc: 99.55%
2023-11-02 12:52 before_fed Round:  16 | Epochs:  80 | Domain: s | loss: 0.1761 | acc: 94.22% | auc: 99.74%
2023-11-02 12:54 after_fed Round:  16 | Epochs:  80 | Domain: a | loss: 0.5130 | acc: 83.65% | auc: 98.31%
2023-11-02 12:54 after_fed Round:  16 | Epochs:  80 | Domain: c | loss: 0.3920 | acc: 87.34% | auc: 99.09%
2023-11-02 12:54 after_fed Round:  16 | Epochs:  80 | Domain: s | loss: 0.2126 | acc: 90.95% | auc: 99.56%
2023-11-02 12:54 test_domain Round:  16 | Epochs:  80 | Domain: p | loss: 0.2330 | acc: 92.57% | auc: 99.56%
2023-11-02 12:56 before_fed Round:  17 | Epochs:  85 | Domain: a | loss: 0.2454 | acc: 93.27% | auc: 99.45%
2023-11-02 12:57 before_fed Round:  17 | Epochs:  85 | Domain: c | loss: 0.1864 | acc: 93.67% | auc: 99.56%
2023-11-02 12:59 before_fed Round:  17 | Epochs:  85 | Domain: s | loss: 0.1790 | acc: 94.47% | auc: 99.72%
2023-11-02 13:01 after_fed Round:  17 | Epochs:  85 | Domain: a | loss: 0.4946 | acc: 84.62% | auc: 98.38%
2023-11-02 13:01 after_fed Round:  17 | Epochs:  85 | Domain: c | loss: 0.3998 | acc: 86.50% | auc: 99.12%
2023-11-02 13:01 after_fed Round:  17 | Epochs:  85 | Domain: s | loss: 0.2130 | acc: 90.45% | auc: 99.58%
2023-11-02 13:01 test_domain Round:  17 | Epochs:  85 | Domain: p | loss: 0.2216 | acc: 92.81% | auc: 99.61%
2023-11-02 13:03 before_fed Round:  18 | Epochs:  90 | Domain: a | loss: 0.2417 | acc: 93.27% | auc: 99.44%
2023-11-02 13:04 before_fed Round:  18 | Epochs:  90 | Domain: c | loss: 0.2009 | acc: 94.09% | auc: 99.54%
2023-11-02 13:06 before_fed Round:  18 | Epochs:  90 | Domain: s | loss: 0.1838 | acc: 92.71% | auc: 99.72%
2023-11-02 13:08 after_fed Round:  18 | Epochs:  90 | Domain: a | loss: 0.4887 | acc: 84.62% | auc: 98.39%
2023-11-02 13:08 after_fed Round:  18 | Epochs:  90 | Domain: c | loss: 0.3965 | acc: 86.92% | auc: 99.10%
2023-11-02 13:08 after_fed Round:  18 | Epochs:  90 | Domain: s | loss: 0.2041 | acc: 90.95% | auc: 99.59%
2023-11-02 13:08 test_domain Round:  18 | Epochs:  90 | Domain: p | loss: 0.2172 | acc: 92.81% | auc: 99.61%
2023-11-02 13:10 before_fed Round:  19 | Epochs:  95 | Domain: a | loss: 0.2369 | acc: 93.27% | auc: 99.46%
2023-11-02 13:11 before_fed Round:  19 | Epochs:  95 | Domain: c | loss: 0.2050 | acc: 93.25% | auc: 99.51%
2023-11-02 13:13 before_fed Round:  19 | Epochs:  95 | Domain: s | loss: 0.1740 | acc: 94.22% | auc: 99.74%
2023-11-02 13:15 after_fed Round:  19 | Epochs:  95 | Domain: a | loss: 0.4972 | acc: 84.13% | auc: 98.40%
2023-11-02 13:15 after_fed Round:  19 | Epochs:  95 | Domain: c | loss: 0.3992 | acc: 87.76% | auc: 99.12%
2023-11-02 13:15 after_fed Round:  19 | Epochs:  95 | Domain: s | loss: 0.2096 | acc: 90.70% | auc: 99.58%
2023-11-02 13:15 test_domain Round:  19 | Epochs:  95 | Domain: p | loss: 0.2381 | acc: 92.34% | auc: 99.55%
2023-11-02 13:17 before_fed Round:  20 | Epochs: 100 | Domain: a | loss: 0.2321 | acc: 93.27% | auc: 99.50%
2023-11-02 13:18 before_fed Round:  20 | Epochs: 100 | Domain: c | loss: 0.2011 | acc: 93.25% | auc: 99.54%
2023-11-02 13:20 before_fed Round:  20 | Epochs: 100 | Domain: s | loss: 0.1708 | acc: 93.72% | auc: 99.75%
2023-11-02 13:22 after_fed Round:  20 | Epochs: 100 | Domain: a | loss: 0.4835 | acc: 84.62% | auc: 98.50%
2023-11-02 13:22 after_fed Round:  20 | Epochs: 100 | Domain: c | loss: 0.4105 | acc: 87.34% | auc: 99.07%
2023-11-02 13:22 after_fed Round:  20 | Epochs: 100 | Domain: s | loss: 0.2072 | acc: 91.46% | auc: 99.59%
2023-11-02 13:23 test_domain Round:  20 | Epochs: 100 | Domain: p | loss: 0.2315 | acc: 92.40% | auc: 99.57%
2023-11-02 13:24 before_fed Round:  21 | Epochs: 105 | Domain: a | loss: 0.2386 | acc: 92.79% | auc: 99.48%
2023-11-02 13:25 before_fed Round:  21 | Epochs: 105 | Domain: c | loss: 0.1940 | acc: 94.94% | auc: 99.55%
2023-11-02 13:27 before_fed Round:  21 | Epochs: 105 | Domain: s | loss: 0.1686 | acc: 93.72% | auc: 99.75%
2023-11-02 13:29 after_fed Round:  21 | Epochs: 105 | Domain: a | loss: 0.4895 | acc: 82.69% | auc: 98.42%
2023-11-02 13:29 after_fed Round:  21 | Epochs: 105 | Domain: c | loss: 0.4170 | acc: 86.92% | auc: 99.07%
2023-11-02 13:30 after_fed Round:  21 | Epochs: 105 | Domain: s | loss: 0.2083 | acc: 90.70% | auc: 99.59%
2023-11-02 13:30 test_domain Round:  21 | Epochs: 105 | Domain: p | loss: 0.2348 | acc: 92.04% | auc: 99.55%
2023-11-02 13:31 before_fed Round:  22 | Epochs: 110 | Domain: a | loss: 0.2330 | acc: 92.79% | auc: 99.55%
2023-11-02 13:33 before_fed Round:  22 | Epochs: 110 | Domain: c | loss: 0.1995 | acc: 94.09% | auc: 99.52%
2023-11-02 13:34 before_fed Round:  22 | Epochs: 110 | Domain: s | loss: 0.1723 | acc: 94.22% | auc: 99.75%
2023-11-02 13:36 after_fed Round:  22 | Epochs: 110 | Domain: a | loss: 0.4901 | acc: 84.62% | auc: 98.45%
2023-11-02 13:36 after_fed Round:  22 | Epochs: 110 | Domain: c | loss: 0.3986 | acc: 87.34% | auc: 99.10%
2023-11-02 13:37 after_fed Round:  22 | Epochs: 110 | Domain: s | loss: 0.2033 | acc: 90.95% | auc: 99.60%
2023-11-02 13:37 test_domain Round:  22 | Epochs: 110 | Domain: p | loss: 0.2266 | acc: 92.51% | auc: 99.58%
2023-11-02 13:38 before_fed Round:  23 | Epochs: 115 | Domain: a | loss: 0.2400 | acc: 92.31% | auc: 99.51%
2023-11-02 13:40 before_fed Round:  23 | Epochs: 115 | Domain: c | loss: 0.1968 | acc: 94.51% | auc: 99.57%
2023-11-02 13:42 before_fed Round:  23 | Epochs: 115 | Domain: s | loss: 0.1658 | acc: 93.47% | auc: 99.76%
2023-11-02 13:43 after_fed Round:  23 | Epochs: 115 | Domain: a | loss: 0.5026 | acc: 84.13% | auc: 98.43%
2023-11-02 13:44 after_fed Round:  23 | Epochs: 115 | Domain: c | loss: 0.4411 | acc: 86.50% | auc: 99.04%
2023-11-02 13:44 after_fed Round:  23 | Epochs: 115 | Domain: s | loss: 0.1964 | acc: 91.46% | auc: 99.61%
2023-11-02 13:44 test_domain Round:  23 | Epochs: 115 | Domain: p | loss: 0.2238 | acc: 92.81% | auc: 99.58%
2023-11-02 13:45 before_fed Round:  24 | Epochs: 120 | Domain: a | loss: 0.2383 | acc: 92.79% | auc: 99.50%
2023-11-02 13:47 before_fed Round:  24 | Epochs: 120 | Domain: c | loss: 0.2134 | acc: 93.25% | auc: 99.52%
2023-11-02 13:48 before_fed Round:  24 | Epochs: 120 | Domain: s | loss: 0.1696 | acc: 94.47% | auc: 99.75%
2023-11-02 13:50 after_fed Round:  24 | Epochs: 120 | Domain: a | loss: 0.4868 | acc: 83.65% | auc: 98.51%
2023-11-02 13:50 after_fed Round:  24 | Epochs: 120 | Domain: c | loss: 0.4529 | acc: 86.08% | auc: 99.02%
2023-11-02 13:51 after_fed Round:  24 | Epochs: 120 | Domain: s | loss: 0.2052 | acc: 90.95% | auc: 99.57%
2023-11-02 13:51 test_domain Round:  24 | Epochs: 120 | Domain: p | loss: 0.2225 | acc: 92.69% | auc: 99.58%
2023-11-02 13:52 before_fed Round:  25 | Epochs: 125 | Domain: a | loss: 0.2149 | acc: 93.27% | auc: 99.58%
2023-11-02 13:54 before_fed Round:  25 | Epochs: 125 | Domain: c | loss: 0.2062 | acc: 94.51% | auc: 99.51%
2023-11-02 13:56 before_fed Round:  25 | Epochs: 125 | Domain: s | loss: 0.1833 | acc: 93.22% | auc: 99.76%
2023-11-02 13:57 after_fed Round:  25 | Epochs: 125 | Domain: a | loss: 0.4895 | acc: 84.13% | auc: 98.48%
2023-11-02 13:58 after_fed Round:  25 | Epochs: 125 | Domain: c | loss: 0.4118 | acc: 88.19% | auc: 99.10%
2023-11-02 13:58 after_fed Round:  25 | Epochs: 125 | Domain: s | loss: 0.2129 | acc: 90.95% | auc: 99.59%
2023-11-02 13:58 test_domain Round:  25 | Epochs: 125 | Domain: p | loss: 0.2272 | acc: 92.81% | auc: 99.59%
2023-11-02 13:59 before_fed Round:  26 | Epochs: 130 | Domain: a | loss: 0.2329 | acc: 92.79% | auc: 99.53%
2023-11-02 14:01 before_fed Round:  26 | Epochs: 130 | Domain: c | loss: 0.1919 | acc: 94.51% | auc: 99.58%
2023-11-02 14:03 before_fed Round:  26 | Epochs: 130 | Domain: s | loss: 0.1735 | acc: 93.72% | auc: 99.76%
2023-11-02 14:04 after_fed Round:  26 | Epochs: 130 | Domain: a | loss: 0.4926 | acc: 83.17% | auc: 98.37%
2023-11-02 14:05 after_fed Round:  26 | Epochs: 130 | Domain: c | loss: 0.4106 | acc: 89.03% | auc: 99.13%
2023-11-02 14:05 after_fed Round:  26 | Epochs: 130 | Domain: s | loss: 0.2111 | acc: 91.71% | auc: 99.57%
2023-11-02 14:05 Model saved! Best Val Acc: 88.85%
2023-11-02 14:05 test_domain Round:  26 | Epochs: 130 | Domain: p | loss: 0.2214 | acc: 92.87% | auc: 99.58%
2023-11-02 14:06 before_fed Round:  27 | Epochs: 135 | Domain: a | loss: 0.2387 | acc: 93.75% | auc: 99.48%
2023-11-02 14:08 before_fed Round:  27 | Epochs: 135 | Domain: c | loss: 0.1949 | acc: 94.94% | auc: 99.58%
2023-11-02 14:10 before_fed Round:  27 | Epochs: 135 | Domain: s | loss: 0.1698 | acc: 93.97% | auc: 99.77%
2023-11-02 14:12 after_fed Round:  27 | Epochs: 135 | Domain: a | loss: 0.4946 | acc: 83.17% | auc: 98.44%
2023-11-02 14:12 after_fed Round:  27 | Epochs: 135 | Domain: c | loss: 0.4289 | acc: 87.76% | auc: 99.08%
2023-11-02 14:12 after_fed Round:  27 | Epochs: 135 | Domain: s | loss: 0.2099 | acc: 90.95% | auc: 99.57%
2023-11-02 14:12 test_domain Round:  27 | Epochs: 135 | Domain: p | loss: 0.2249 | acc: 92.87% | auc: 99.59%
2023-11-02 14:14 before_fed Round:  28 | Epochs: 140 | Domain: a | loss: 0.2509 | acc: 92.79% | auc: 99.45%
2023-11-02 14:15 before_fed Round:  28 | Epochs: 140 | Domain: c | loss: 0.2032 | acc: 94.51% | auc: 99.54%
2023-11-02 14:17 before_fed Round:  28 | Epochs: 140 | Domain: s | loss: 0.1884 | acc: 93.97% | auc: 99.71%
2023-11-02 14:19 after_fed Round:  28 | Epochs: 140 | Domain: a | loss: 0.4858 | acc: 84.62% | auc: 98.43%
2023-11-02 14:19 after_fed Round:  28 | Epochs: 140 | Domain: c | loss: 0.4136 | acc: 88.61% | auc: 99.12%
2023-11-02 14:19 after_fed Round:  28 | Epochs: 140 | Domain: s | loss: 0.2173 | acc: 90.70% | auc: 99.56%
2023-11-02 14:19 test_domain Round:  28 | Epochs: 140 | Domain: p | loss: 0.2189 | acc: 93.17% | auc: 99.60%
2023-11-02 14:21 before_fed Round:  29 | Epochs: 145 | Domain: a | loss: 0.2393 | acc: 93.75% | auc: 99.47%
2023-11-02 14:22 before_fed Round:  29 | Epochs: 145 | Domain: c | loss: 0.1946 | acc: 94.51% | auc: 99.60%
2023-11-02 14:24 before_fed Round:  29 | Epochs: 145 | Domain: s | loss: 0.1838 | acc: 93.22% | auc: 99.73%
2023-11-02 14:26 after_fed Round:  29 | Epochs: 145 | Domain: a | loss: 0.4857 | acc: 83.65% | auc: 98.53%
2023-11-02 14:26 after_fed Round:  29 | Epochs: 145 | Domain: c | loss: 0.4171 | acc: 88.61% | auc: 99.10%
2023-11-02 14:26 after_fed Round:  29 | Epochs: 145 | Domain: s | loss: 0.2116 | acc: 91.71% | auc: 99.56%
2023-11-02 14:27 test_domain Round:  29 | Epochs: 145 | Domain: p | loss: 0.2229 | acc: 92.87% | auc: 99.59%
2023-11-02 14:28 before_fed Round:  30 | Epochs: 150 | Domain: a | loss: 0.2454 | acc: 92.79% | auc: 99.48%
2023-11-02 14:29 before_fed Round:  30 | Epochs: 150 | Domain: c | loss: 0.1968 | acc: 93.67% | auc: 99.58%
2023-11-02 14:31 before_fed Round:  30 | Epochs: 150 | Domain: s | loss: 0.1874 | acc: 93.72% | auc: 99.75%
2023-11-02 14:33 after_fed Round:  30 | Epochs: 150 | Domain: a | loss: 0.4810 | acc: 84.13% | auc: 98.44%
2023-11-02 14:33 after_fed Round:  30 | Epochs: 150 | Domain: c | loss: 0.3843 | acc: 89.45% | auc: 99.19%
2023-11-02 14:34 after_fed Round:  30 | Epochs: 150 | Domain: s | loss: 0.2099 | acc: 91.21% | auc: 99.58%
2023-11-02 14:34 Model saved! Best Val Acc: 88.97%
2023-11-02 14:34 test_domain Round:  30 | Epochs: 150 | Domain: p | loss: 0.2201 | acc: 93.05% | auc: 99.60%
2023-11-02 14:35 before_fed Round:  31 | Epochs: 155 | Domain: a | loss: 0.2202 | acc: 93.75% | auc: 99.57%
2023-11-02 14:37 before_fed Round:  31 | Epochs: 155 | Domain: c | loss: 0.2002 | acc: 94.09% | auc: 99.56%
2023-11-02 14:39 before_fed Round:  31 | Epochs: 155 | Domain: s | loss: 0.1887 | acc: 93.22% | auc: 99.76%
2023-11-02 14:40 after_fed Round:  31 | Epochs: 155 | Domain: a | loss: 0.4987 | acc: 84.62% | auc: 98.44%
2023-11-02 14:41 after_fed Round:  31 | Epochs: 155 | Domain: c | loss: 0.3874 | acc: 89.45% | auc: 99.17%
2023-11-02 14:41 after_fed Round:  31 | Epochs: 155 | Domain: s | loss: 0.2147 | acc: 91.21% | auc: 99.59%
2023-11-02 14:41 Model saved! Best Val Acc: 89.09%
2023-11-02 14:41 test_domain Round:  31 | Epochs: 155 | Domain: p | loss: 0.2260 | acc: 92.75% | auc: 99.59%
2023-11-02 14:42 before_fed Round:  32 | Epochs: 160 | Domain: a | loss: 0.2566 | acc: 93.27% | auc: 99.44%
2023-11-02 14:44 before_fed Round:  32 | Epochs: 160 | Domain: c | loss: 0.2071 | acc: 94.09% | auc: 99.52%
2023-11-02 14:46 before_fed Round:  32 | Epochs: 160 | Domain: s | loss: 0.1944 | acc: 93.22% | auc: 99.74%
2023-11-02 14:47 after_fed Round:  32 | Epochs: 160 | Domain: a | loss: 0.4943 | acc: 84.62% | auc: 98.45%
2023-11-02 14:48 after_fed Round:  32 | Epochs: 160 | Domain: c | loss: 0.4057 | acc: 89.45% | auc: 99.15%
2023-11-02 14:48 after_fed Round:  32 | Epochs: 160 | Domain: s | loss: 0.2101 | acc: 91.46% | auc: 99.58%
2023-11-02 14:48 Model saved! Best Val Acc: 89.21%
2023-11-02 14:48 test_domain Round:  32 | Epochs: 160 | Domain: p | loss: 0.2276 | acc: 92.87% | auc: 99.59%
2023-11-02 14:49 before_fed Round:  33 | Epochs: 165 | Domain: a | loss: 0.2620 | acc: 92.79% | auc: 99.42%
2023-11-02 14:51 before_fed Round:  33 | Epochs: 165 | Domain: c | loss: 0.2088 | acc: 94.09% | auc: 99.51%
2023-11-02 14:53 before_fed Round:  33 | Epochs: 165 | Domain: s | loss: 0.1871 | acc: 92.96% | auc: 99.74%
2023-11-02 14:54 after_fed Round:  33 | Epochs: 165 | Domain: a | loss: 0.4897 | acc: 83.17% | auc: 98.46%
2023-11-02 14:55 after_fed Round:  33 | Epochs: 165 | Domain: c | loss: 0.4190 | acc: 89.45% | auc: 99.13%
2023-11-02 14:55 after_fed Round:  33 | Epochs: 165 | Domain: s | loss: 0.2081 | acc: 91.46% | auc: 99.57%
2023-11-02 14:55 test_domain Round:  33 | Epochs: 165 | Domain: p | loss: 0.2240 | acc: 92.93% | auc: 99.59%
2023-11-02 14:56 before_fed Round:  34 | Epochs: 170 | Domain: a | loss: 0.2586 | acc: 92.79% | auc: 99.44%
2023-11-02 14:58 before_fed Round:  34 | Epochs: 170 | Domain: c | loss: 0.2133 | acc: 94.09% | auc: 99.51%
2023-11-02 15:00 before_fed Round:  34 | Epochs: 170 | Domain: s | loss: 0.1964 | acc: 93.47% | auc: 99.73%
2023-11-02 15:01 after_fed Round:  34 | Epochs: 170 | Domain: a | loss: 0.4995 | acc: 84.62% | auc: 98.45%
2023-11-02 15:02 after_fed Round:  34 | Epochs: 170 | Domain: c | loss: 0.4048 | acc: 89.45% | auc: 99.15%
2023-11-02 15:02 after_fed Round:  34 | Epochs: 170 | Domain: s | loss: 0.2108 | acc: 91.71% | auc: 99.57%
2023-11-02 15:02 Model saved! Best Val Acc: 89.33%
2023-11-02 15:02 test_domain Round:  34 | Epochs: 170 | Domain: p | loss: 0.2308 | acc: 92.81% | auc: 99.58%
2023-11-02 15:03 before_fed Round:  35 | Epochs: 175 | Domain: a | loss: 0.2620 | acc: 92.79% | auc: 99.42%
2023-11-02 15:05 before_fed Round:  35 | Epochs: 175 | Domain: c | loss: 0.2057 | acc: 94.09% | auc: 99.54%
2023-11-02 15:07 before_fed Round:  35 | Epochs: 175 | Domain: s | loss: 0.1924 | acc: 93.47% | auc: 99.74%
2023-11-02 15:09 after_fed Round:  35 | Epochs: 175 | Domain: a | loss: 0.4936 | acc: 83.65% | auc: 98.50%
2023-11-02 15:09 after_fed Round:  35 | Epochs: 175 | Domain: c | loss: 0.4026 | acc: 89.45% | auc: 99.14%
2023-11-02 15:09 after_fed Round:  35 | Epochs: 175 | Domain: s | loss: 0.2119 | acc: 91.46% | auc: 99.57%
2023-11-02 15:09 test_domain Round:  35 | Epochs: 175 | Domain: p | loss: 0.2300 | acc: 92.75% | auc: 99.59%
2023-11-02 15:11 before_fed Round:  36 | Epochs: 180 | Domain: a | loss: 0.2603 | acc: 93.27% | auc: 99.42%
2023-11-02 15:12 before_fed Round:  36 | Epochs: 180 | Domain: c | loss: 0.2106 | acc: 94.09% | auc: 99.52%
2023-11-02 15:14 before_fed Round:  36 | Epochs: 180 | Domain: s | loss: 0.1961 | acc: 93.47% | auc: 99.74%
2023-11-02 15:16 after_fed Round:  36 | Epochs: 180 | Domain: a | loss: 0.4936 | acc: 84.13% | auc: 98.44%
2023-11-02 15:16 after_fed Round:  36 | Epochs: 180 | Domain: c | loss: 0.4001 | acc: 89.45% | auc: 99.15%
2023-11-02 15:16 after_fed Round:  36 | Epochs: 180 | Domain: s | loss: 0.2141 | acc: 91.71% | auc: 99.57%
2023-11-02 15:16 test_domain Round:  36 | Epochs: 180 | Domain: p | loss: 0.2300 | acc: 92.75% | auc: 99.59%
2023-11-02 15:18 before_fed Round:  37 | Epochs: 185 | Domain: a | loss: 0.2591 | acc: 93.27% | auc: 99.41%
2023-11-02 15:19 before_fed Round:  37 | Epochs: 185 | Domain: c | loss: 0.2110 | acc: 94.09% | auc: 99.51%
2023-11-02 15:21 before_fed Round:  37 | Epochs: 185 | Domain: s | loss: 0.1887 | acc: 93.22% | auc: 99.74%
2023-11-02 15:23 after_fed Round:  37 | Epochs: 185 | Domain: a | loss: 0.4925 | acc: 83.17% | auc: 98.47%
2023-11-02 15:23 after_fed Round:  37 | Epochs: 185 | Domain: c | loss: 0.4140 | acc: 89.45% | auc: 99.12%
2023-11-02 15:23 after_fed Round:  37 | Epochs: 185 | Domain: s | loss: 0.2125 | acc: 91.46% | auc: 99.56%
2023-11-02 15:23 test_domain Round:  37 | Epochs: 185 | Domain: p | loss: 0.2317 | acc: 92.69% | auc: 99.59%
2023-11-02 15:25 before_fed Round:  38 | Epochs: 190 | Domain: a | loss: 0.2573 | acc: 93.27% | auc: 99.43%
2023-11-02 15:26 before_fed Round:  38 | Epochs: 190 | Domain: c | loss: 0.2062 | acc: 94.09% | auc: 99.54%
2023-11-02 15:28 before_fed Round:  38 | Epochs: 190 | Domain: s | loss: 0.1922 | acc: 93.22% | auc: 99.75%
2023-11-02 15:30 after_fed Round:  38 | Epochs: 190 | Domain: a | loss: 0.4970 | acc: 84.13% | auc: 98.46%
2023-11-02 15:30 after_fed Round:  38 | Epochs: 190 | Domain: c | loss: 0.4004 | acc: 89.45% | auc: 99.13%
2023-11-02 15:30 after_fed Round:  38 | Epochs: 190 | Domain: s | loss: 0.2146 | acc: 91.21% | auc: 99.57%
2023-11-02 15:31 test_domain Round:  38 | Epochs: 190 | Domain: p | loss: 0.2355 | acc: 92.51% | auc: 99.58%
2023-11-02 15:32 before_fed Round:  39 | Epochs: 195 | Domain: a | loss: 0.2571 | acc: 93.27% | auc: 99.42%
2023-11-02 15:34 before_fed Round:  39 | Epochs: 195 | Domain: c | loss: 0.2108 | acc: 94.09% | auc: 99.52%
2023-11-02 15:35 before_fed Round:  39 | Epochs: 195 | Domain: s | loss: 0.1932 | acc: 93.22% | auc: 99.74%
2023-11-02 15:37 after_fed Round:  39 | Epochs: 195 | Domain: a | loss: 0.4917 | acc: 84.62% | auc: 98.47%
2023-11-02 15:37 after_fed Round:  39 | Epochs: 195 | Domain: c | loss: 0.4112 | acc: 89.45% | auc: 99.13%
2023-11-02 15:38 after_fed Round:  39 | Epochs: 195 | Domain: s | loss: 0.2134 | acc: 91.71% | auc: 99.57%
2023-11-02 15:38 Model saved! Best Val Acc: 89.33%
2023-11-02 15:38 test_domain Round:  39 | Epochs: 195 | Domain: p | loss: 0.2300 | acc: 92.75% | auc: 99.59%
2023-11-02 15:39 before_fed Round:  40 | Epochs: 200 | Domain: a | loss: 0.2601 | acc: 92.79% | auc: 99.41%
2023-11-02 15:41 before_fed Round:  40 | Epochs: 200 | Domain: c | loss: 0.2077 | acc: 94.09% | auc: 99.53%
2023-11-02 15:43 before_fed Round:  40 | Epochs: 200 | Domain: s | loss: 0.1943 | acc: 93.22% | auc: 99.74%
2023-11-02 15:45 after_fed Round:  40 | Epochs: 200 | Domain: a | loss: 0.4953 | acc: 83.65% | auc: 98.46%
2023-11-02 15:45 after_fed Round:  40 | Epochs: 200 | Domain: c | loss: 0.4042 | acc: 89.45% | auc: 99.13%
2023-11-02 15:45 after_fed Round:  40 | Epochs: 200 | Domain: s | loss: 0.2131 | acc: 91.46% | auc: 99.56%
2023-11-02 15:45 test_domain Round:  40 | Epochs: 200 | Domain: p | loss: 0.2327 | acc: 92.57% | auc: 99.58%
